0 info it worked if it ends with ok
1 verbose cli [ 'd:\\Program Files\\nodejs\\node.exe',
1 verbose cli   'd:\\Program Files\\nodejs\\node_modules\\npm\\bin\\npm-cli.js',
1 verbose cli   'install',
1 verbose cli   'cookieParser' ]
2 info using npm@1.4.28
3 info using node@v0.10.34
4 warn package.json crypto@0.0.3 crypto is also the name of a node core module.
5 verbose readDependencies using package.json deps
6 verbose cache add [ 'cookieParser', null ]
7 verbose cache add name=undefined spec="cookieParser" args=["cookieParser",null]
8 verbose parsed url { protocol: null,
8 verbose parsed url   slashes: null,
8 verbose parsed url   auth: null,
8 verbose parsed url   host: null,
8 verbose parsed url   port: null,
8 verbose parsed url   hostname: null,
8 verbose parsed url   hash: null,
8 verbose parsed url   search: null,
8 verbose parsed url   query: null,
8 verbose parsed url   pathname: 'cookieParser',
8 verbose parsed url   path: 'cookieParser',
8 verbose parsed url   href: 'cookieParser' }
9 silly lockFile 0e37acdf-cookieParser cookieParser
10 verbose lock cookieParser C:\Users\Administrator\AppData\Roaming\npm-cache\0e37acdf-cookieParser.lock
11 silly lockFile 0e37acdf-cookieParser cookieParser
12 silly lockFile 0e37acdf-cookieParser cookieParser
13 verbose addNamed [ 'cookieParser', '' ]
14 verbose addNamed [ null, '*' ]
15 silly lockFile 74f56a99-cookieParser cookieParser@
16 verbose lock cookieParser@ C:\Users\Administrator\AppData\Roaming\npm-cache\74f56a99-cookieParser.lock
17 silly addNameRange { name: 'cookieParser', range: '*', hasData: false }
18 verbose request where is /cookieParser
19 verbose request registry https://registry.npmjs.org/
20 verbose request id 93b022ba5d95902a
21 verbose url raw /cookieParser
22 verbose url resolving [ 'https://registry.npmjs.org/', './cookieParser' ]
23 verbose url resolved https://registry.npmjs.org/cookieParser
24 verbose request where is https://registry.npmjs.org/cookieParser
25 info trying registry request attempt 1 at 20:39:21
26 http GET https://registry.npmjs.org/cookieParser
27 http 404 https://registry.npmjs.org/cookieParser
28 verbose headers { date: 'Fri, 02 Jan 2015 12:38:34 GMT',
28 verbose headers   server: 'CouchDB/1.5.0 (Erlang OTP/R16B03)',
28 verbose headers   'content-type': 'application/json',
28 verbose headers   'cache-control': 'max-age=0',
28 verbose headers   'content-length': '52',
28 verbose headers   'accept-ranges': 'bytes',
28 verbose headers   via: '1.1 varnish',
28 verbose headers   age: '0',
28 verbose headers   'x-served-by': 'cache-ty66-TYO',
28 verbose headers   'x-cache': 'MISS',
28 verbose headers   'x-cache-hits': '0',
28 verbose headers   'x-timer': 'S1420202314.408871,VS0,VE128',
28 verbose headers   'keep-alive': 'timeout=10, max=50',
28 verbose headers   connection: 'Keep-Alive' }
29 silly registry.get cb [ 404,
29 silly registry.get   { date: 'Fri, 02 Jan 2015 12:38:34 GMT',
29 silly registry.get     server: 'CouchDB/1.5.0 (Erlang OTP/R16B03)',
29 silly registry.get     'content-type': 'application/json',
29 silly registry.get     'cache-control': 'max-age=0',
29 silly registry.get     'content-length': '52',
29 silly registry.get     'accept-ranges': 'bytes',
29 silly registry.get     via: '1.1 varnish',
29 silly registry.get     age: '0',
29 silly registry.get     'x-served-by': 'cache-ty66-TYO',
29 silly registry.get     'x-cache': 'MISS',
29 silly registry.get     'x-cache-hits': '0',
29 silly registry.get     'x-timer': 'S1420202314.408871,VS0,VE128',
29 silly registry.get     'keep-alive': 'timeout=10, max=50',
29 silly registry.get     connection: 'Keep-Alive' } ]
30 silly lockFile 74f56a99-cookieParser cookieParser@
31 silly lockFile 74f56a99-cookieParser cookieParser@
32 error 404 404 Not Found: cookieParser
32 error 404
32 error 404 'cookieParser' is not in the npm registry.
32 error 404 You should bug the author to publish it
32 error 404 It was specified as a dependency of 'test'
32 error 404
32 error 404 Note that you can also install from a
32 error 404 tarball, folder, or http url, or git url.
33 error System Windows_NT 6.1.7601
34 error command "d:\\Program Files\\nodejs\\node.exe" "d:\\Program Files\\nodejs\\node_modules\\npm\\bin\\npm-cli.js" "install" "cookieParser"
35 error cwd d:\Nodejs\app\test
36 error node -v v0.10.34
37 error npm -v 1.4.28
38 error code E404
39 verbose exit [ 1, true ]
